[2024-11-20 14:34:19][INFO] Waiting for pre-delay of 2 seconds before starting VM 108.
[2024-11-20 14:34:23][ERROR] Failed to start VM 108.
[2024-11-20 14:34:23][INFO] Waiting for post-delay of 2 seconds after starting VM108.
[2024-11-20 14:34:25][INFO] Waiting for pre-delay of 2 seconds before starting VM 108.
[2024-11-20 14:34:28][ERROR] Failed to start VM 108.
[2024-11-20 14:34:28][INFO] Waiting for post-delay of 2 seconds after starting VM108.
[2024-11-20 14:34:30][INFO] Waiting for pre-delay of 2 seconds before starting VM 109.
[2024-11-20 14:34:34][SUCCESS] VM 109 started successfully.
[2024-11-20 14:34:34][INFO] Waiting for post-delay of 2 seconds after starting VM109.
[2024-11-20 14:37:28][INFO] /dev/nvme1n1 is already mounted.
[2024-11-20 14:37:28][SUCCESS] Mount successful. Reading VM start order from ./vms.yaml...
[2024-11-20 14:37:28][INFO] Waiting for pre-delay of 2 seconds before starting VM 100.
[2024-11-20 14:37:31][ERROR] Failed to start VM 100.
[2024-11-20 14:37:31][INFO] Waiting for post-delay of 2 seconds after starting VM100.
[2024-11-20 14:37:33][INFO] Waiting for pre-delay of 2 seconds before starting VM 104.
[2024-11-20 14:37:36][ERROR] Failed to start VM 104.
[2024-11-20 14:37:36][INFO] Waiting for post-delay of 2 seconds after starting VM104.
[2024-11-20 14:37:38][INFO] Waiting for pre-delay of 2 seconds before starting VM 104.
[2024-11-21 10:49:57][INFO] /dev/nvme1n1 is already mounted.
[2024-11-21 10:49:57][SUCCESS] Mount successful. Reading VM start order from /root/vms.yaml...
[2024-11-21 10:49:57][INFO] Waiting for pre-delay of 2 seconds before starting VM 100.
[2024-11-21 10:50:00][ERROR] Failed to start VM 100.
[2024-11-21 10:50:00][INFO] Waiting for post-delay of 2 seconds after starting VM100.
[2024-11-21 10:50:02][INFO] Waiting for pre-delay of 2 seconds before starting VM 104.
[2024-11-21 10:50:05][ERROR] Failed to start VM 104.
[2024-11-21 10:50:05][INFO] Waiting for post-delay of 2 seconds after starting VM104.
[2024-11-21 10:50:07][INFO] Waiting for pre-delay of 2 seconds before starting VM 104.
[2024-11-21 10:50:10][ERROR] Failed to start VM 104.
[2024-11-21 10:50:10][INFO] Waiting for post-delay of 2 seconds after starting VM104.
[2024-11-21 10:50:12][INFO] Waiting for pre-delay of 2 seconds before starting VM 104.
[2024-11-21 10:50:15][ERROR] Failed to start VM 104.
[2024-11-21 10:50:15][INFO] Waiting for post-delay of 2 seconds after starting VM104.
[2024-11-21 10:50:17][INFO] Waiting for pre-delay of 2 seconds before starting VM 104.
[2024-11-21 10:50:20][ERROR] Failed to start VM 104.
[2024-11-21 10:50:20][INFO] Waiting for post-delay of 2 seconds after starting VM104.
[2024-11-21 10:50:22][INFO] Waiting for pre-delay of 2 seconds before starting VM 105.
[2024-11-21 10:50:25][ERROR] Failed to start VM 105.
[2024-11-21 10:50:25][INFO] Waiting for post-delay of 2 seconds after starting VM105.
[2024-11-21 10:50:27][INFO] Waiting for pre-delay of 2 seconds before starting VM 105.
[2024-11-21 10:50:30][ERROR] Failed to start VM 105.
[2024-11-21 10:50:30][INFO] Waiting for post-delay of 2 seconds after starting VM105.
[2024-11-21 10:50:32][INFO] Waiting for pre-delay of 2 seconds before starting VM 105.
[2024-11-21 10:50:35][ERROR] Failed to start VM 105.
[2024-11-21 10:50:35][INFO] Waiting for post-delay of 2 seconds after starting VM105.
[2024-11-21 10:50:37][INFO] Waiting for pre-delay of 2 seconds before starting VM 105.
[2024-11-21 10:50:40][ERROR] Failed to start VM 105.
[2024-11-21 10:50:40][INFO] Waiting for post-delay of 2 seconds after starting VM105.
[2024-11-21 10:50:42][INFO] Waiting for pre-delay of 2 seconds before starting VM 106.
[2024-11-21 10:52:44][INFO] /dev/nvme1n1 is already mounted.
[2024-11-21 10:52:44][SUCCESS] Mount successful. Reading VM start order from /root/vms.yaml...
[2024-11-21 10:52:44][INFO] Waiting for pre-delay of 2 seconds before starting VM 100.
[2024-11-21 10:52:47][ERROR] Failed to start VM 100.
[2024-11-21 10:52:47][INFO] Waiting for post-delay of 2 seconds after starting VM100.
[2024-11-21 10:52:49][INFO] Waiting for pre-delay of 2 seconds before starting VM 104.
[2024-11-21 10:52:53][ERROR] Failed to start VM 104.
[2024-11-21 10:52:53][INFO] Waiting for post-delay of 2 seconds after starting VM104.
[2024-11-21 10:52:55][INFO] Waiting for pre-delay of 2 seconds before starting VM 104.
[2024-11-21 10:52:58][ERROR] Failed to start VM 104.
[2024-11-21 10:52:58][INFO] Waiting for post-delay of 2 seconds after starting VM104.
[2024-11-21 10:53:00][INFO] Waiting for pre-delay of 2 seconds before starting VM 104.
[2024-11-21 10:53:03][ERROR] Failed to start VM 104.
[2024-11-21 10:53:03][INFO] Waiting for post-delay of 2 seconds after starting VM104.
[2024-11-21 10:54:04][INFO] /dev/nvme1n1 is already mounted.
[2024-11-21 10:54:04][SUCCESS] Mount successful. Reading VM start order from /root/vms.yaml...
[2024-11-21 10:54:04][INFO] Waiting for pre-delay of 2 seconds before starting VM 100.
[2024-11-21 10:54:07][ERROR] Failed to start VM 100.
[2024-11-21 10:54:07][INFO] Waiting for post-delay of 2 seconds after starting VM100.
[2024-11-21 10:54:09][INFO] Waiting for pre-delay of 2 seconds before starting VM 104.
[2024-11-21 10:54:12][ERROR] Failed to start VM 104.
[2024-11-21 10:54:12][INFO] Waiting for post-delay of 2 seconds after starting VM104.
[2024-11-21 10:54:14][INFO] Waiting for pre-delay of 2 seconds before starting VM 104.
[2024-11-21 10:54:17][ERROR] Failed to start VM 104.
[2024-11-21 10:54:17][INFO] Waiting for post-delay of 2 seconds after starting VM104.
[2024-11-21 10:54:19][INFO] Waiting for pre-delay of 2 seconds before starting VM 104.
[2024-11-21 10:54:22][ERROR] Failed to start VM 104.
[2024-11-21 10:54:22][INFO] Waiting for post-delay of 2 seconds after starting VM104.
[2024-11-21 10:54:24][INFO] Waiting for pre-delay of 2 seconds before starting VM 104.
[2024-11-21 10:54:27][ERROR] Failed to start VM 104.
[2024-11-21 10:54:27][INFO] Waiting for post-delay of 2 seconds after starting VM104.
[2024-11-21 10:54:29][INFO] Waiting for pre-delay of 2 seconds before starting VM 105.
[2024-11-21 10:54:32][ERROR] Failed to start VM 105.
[2024-11-21 10:54:32][INFO] Waiting for post-delay of 2 seconds after starting VM105.
[2024-11-21 10:54:34][INFO] Waiting for pre-delay of 2 seconds before starting VM 105.
[2024-11-21 10:54:37][ERROR] Failed to start VM 105.
[2024-11-21 10:54:37][INFO] Waiting for post-delay of 2 seconds after starting VM105.
[2024-11-21 10:54:39][INFO] Waiting for pre-delay of 2 seconds before starting VM 105.
[2024-11-21 10:54:43][ERROR] Failed to start VM 105.
[2024-11-21 10:54:43][INFO] Waiting for post-delay of 2 seconds after starting VM105.
[2024-11-21 10:54:45][INFO] Waiting for pre-delay of 2 seconds before starting VM 105.
[2024-11-21 10:54:48][ERROR] Failed to start VM 105.
[2024-11-21 10:54:48][INFO] Waiting for post-delay of 2 seconds after starting VM105.
[2024-11-21 10:54:50][INFO] Waiting for pre-delay of 2 seconds before starting VM 106.
[2024-11-21 10:54:54][SUCCESS] VM 106 started successfully.
[2024-11-21 10:54:54][INFO] Waiting for post-delay of 2 seconds after starting VM106.
[2024-11-21 10:54:56][INFO] Waiting for pre-delay of 2 seconds before starting VM 106.
[2024-11-21 10:54:59][ERROR] Failed to start VM 106.
[2024-11-21 10:54:59][INFO] Waiting for post-delay of 2 seconds after starting VM106.
[2024-11-21 10:55:01][INFO] Waiting for pre-delay of 2 seconds before starting VM 106.
[2024-11-21 10:55:04][ERROR] Failed to start VM 106.
[2024-11-21 10:55:04][INFO] Waiting for post-delay of 2 seconds after starting VM106.
[2024-11-21 10:55:06][INFO] Waiting for pre-delay of 2 seconds before starting VM 106.
[2024-11-21 10:55:09][ERROR] Failed to start VM 106.
[2024-11-21 10:55:09][INFO] Waiting for post-delay of 2 seconds after starting VM106.
[2024-11-21 10:55:11][INFO] Waiting for pre-delay of 2 seconds before starting VM 108.
[2024-11-21 10:55:16][SUCCESS] VM 108 started successfully.
[2024-11-21 10:55:16][INFO] Waiting for post-delay of 2 seconds after starting VM108.
[2024-11-21 10:55:18][INFO] Waiting for pre-delay of 2 seconds before starting VM 108.
[2024-11-21 10:55:21][ERROR] Failed to start VM 108.
[2024-11-21 10:55:21][INFO] Waiting for post-delay of 2 seconds after starting VM108.
[2024-11-21 10:55:23][INFO] Waiting for pre-delay of 2 seconds before starting VM 108.
[2024-11-21 10:55:27][ERROR] Failed to start VM 108.
[2024-11-21 10:55:27][INFO] Waiting for post-delay of 2 seconds after starting VM108.
[2024-11-21 10:55:29][INFO] Waiting for pre-delay of 2 seconds before starting VM 108.
[2024-11-21 10:55:32][ERROR] Failed to start VM 108.
[2024-11-21 10:55:32][INFO] Waiting for post-delay of 2 seconds after starting VM108.
[2024-11-21 10:55:34][INFO] Waiting for pre-delay of 2 seconds before starting VM 109.
[2024-11-21 10:55:39][SUCCESS] VM 109 started successfully.
[2024-11-21 10:55:39][INFO] Waiting for post-delay of 2 seconds after starting VM109.
[2024-11-21 10:55:41][INFO] Waiting for pre-delay of 2 seconds before starting VM 109.
[2024-11-21 10:55:44][ERROR] Failed to start VM 109.
[2024-11-21 10:55:44][INFO] Waiting for post-delay of 2 seconds after starting VM109.
[2024-11-21 10:55:46][INFO] Waiting for pre-delay of 2 seconds before starting VM 109.
[2024-11-21 10:55:49][ERROR] Failed to start VM 109.
[2024-11-21 10:55:49][INFO] Waiting for post-delay of 2 seconds after starting VM109.
[2024-11-21 10:58:06][INFO] /dev/nvme1n1 is already mounted.
[2024-11-21 10:58:06][SUCCESS] Mount successful. Reading VM start order from /root/vms.yaml...
[2024-11-21 10:58:06][INFO] Waiting for pre-delay of 2 seconds before starting VM 100.
[2024-11-21 10:58:09][INFO] VM 100 already running
[2024-11-21 10:58:09][INFO] Waiting for post-delay of 2 seconds after starting VM100.
[2024-11-21 10:58:11][INFO] Waiting for pre-delay of 2 seconds before starting VM 104.
[2024-11-21 10:58:15][INFO] VM 104 already running
[2024-11-21 10:58:15][INFO] Waiting for post-delay of 2 seconds after starting VM104.
[2024-11-21 10:58:17][INFO] Waiting for pre-delay of 2 seconds before starting VM 105.
[2024-11-21 10:58:20][INFO] VM 105 already running
[2024-11-21 10:58:20][INFO] Waiting for post-delay of 2 seconds after starting VM105.
[2024-11-21 10:58:22][INFO] Waiting for pre-delay of 2 seconds before starting VM 106.
[2024-11-21 10:58:25][INFO] VM 106 already running
[2024-11-21 10:58:25][INFO] Waiting for post-delay of 2 seconds after starting VM106.
[2024-11-21 10:58:27][INFO] Waiting for pre-delay of 2 seconds before starting VM 108.
[2024-11-21 10:58:30][INFO] VM 108 already running
[2024-11-21 10:58:30][INFO] Waiting for post-delay of 2 seconds after starting VM108.
[2024-11-21 11:00:16][INFO] /dev/nvme1n1 is already mounted.
[2024-11-21 11:00:16][SUCCESS] Mount successful. Reading VM start order from /root/vms.yaml...
[2024-11-21 11:00:16][INFO] Waiting for pre-delay of 2 seconds before starting VM 100.
[2024-11-21 11:00:19][INFO] VM 100 already running
[2024-11-21 11:00:19][INFO] Waiting for post-delay of 2 seconds after starting VM100.
[2024-11-21 11:00:21][INFO] Waiting for pre-delay of 2 seconds before starting VM 104.
[2024-11-21 11:00:24][INFO] VM 104 already running
[2024-11-21 11:00:24][INFO] Waiting for post-delay of 2 seconds after starting VM104.
[2024-11-21 11:00:26][INFO] Waiting for pre-delay of 2 seconds before starting VM 105.
[2024-11-21 11:00:29][INFO] VM 105 already running
[2024-11-21 11:00:29][INFO] Waiting for post-delay of 2 seconds after starting VM105.
[2024-11-21 11:00:31][INFO] Waiting for pre-delay of 2 seconds before starting VM 106.
[2024-11-21 11:00:34][INFO] VM 106 already running
[2024-11-21 11:00:34][INFO] Waiting for post-delay of 2 seconds after starting VM106.
[2024-11-21 11:00:36][INFO] Waiting for pre-delay of 2 seconds before starting VM 108.
[2024-11-21 11:00:40][INFO] VM 108 already running
[2024-11-21 11:00:40][INFO] Waiting for post-delay of 2 seconds after starting VM108.
[2024-11-21 11:00:42][INFO] Waiting for pre-delay of 2 seconds before starting VM 109.
[2024-11-21 11:00:45][INFO] VM 109 already running
[2024-11-21 11:00:45][INFO] Waiting for post-delay of 2 seconds after starting VM109.
[2024-11-22 07:00:31][INFO] /dev/nvme1n1 is already mounted.
[2024-11-22 07:00:31][SUCCESS] Mount successful. Reading VM start order from /root/vms.yaml...
[2024-11-22 07:00:31][INFO] Waiting for pre-delay of 2 seconds before starting VM 100.
[2024-11-22 07:00:40][SUCCESS] VM 100 started successfully.
[2024-11-22 07:00:40][INFO] Waiting for post-delay of 2 seconds after starting VM100.
[2024-11-22 07:00:42][INFO] Waiting for pre-delay of 2 seconds before starting VM 104.
[2024-11-22 07:00:46][SUCCESS] VM 104 started successfully.
[2024-11-22 07:00:46][INFO] Waiting for post-delay of 2 seconds after starting VM104.
[2024-11-22 07:00:48][INFO] Waiting for pre-delay of 2 seconds before starting VM 105.
[2024-11-22 07:00:53][SUCCESS] VM 105 started successfully.
[2024-11-22 07:00:53][INFO] Waiting for post-delay of 2 seconds after starting VM105.
[2024-11-22 07:00:55][INFO] Waiting for pre-delay of 2 seconds before starting VM 106.
[2024-11-22 07:01:00][SUCCESS] VM 106 started successfully.
[2024-11-22 07:01:00][INFO] Waiting for post-delay of 2 seconds after starting VM106.
[2024-11-22 07:01:02][INFO] Waiting for pre-delay of 2 seconds before starting VM 108.
[2024-11-22 07:01:08][SUCCESS] VM 108 started successfully.
[2024-11-22 07:01:08][INFO] Waiting for post-delay of 2 seconds after starting VM108.
[2024-11-22 07:01:10][INFO] Waiting for pre-delay of 2 seconds before starting VM 109.
[2024-11-22 07:01:16][SUCCESS] VM 109 started successfully.
[2024-11-22 07:01:16][INFO] Waiting for post-delay of 2 seconds after starting VM109.
[2024-11-22 08:55:22][INFO] /dev/nvme1n1 is already mounted.
[2024-11-22 08:55:22][SUCCESS] Mount successful. Reading VM start order from /root/vms.yaml...
[2024-11-22 08:55:22][INFO] Waiting for pre-delay of 2 seconds before starting VM 100.
[2024-11-22 08:55:31][SUCCESS] VM 100 started successfully.
[2024-11-22 08:55:31][INFO] Waiting for post-delay of 2 seconds after starting VM100.
[2024-11-22 08:55:33][INFO] Waiting for pre-delay of 2 seconds before starting VM 104.
[2024-11-22 08:55:37][SUCCESS] VM 104 started successfully.
[2024-11-22 08:55:37][INFO] Waiting for post-delay of 2 seconds after starting VM104.
[2024-11-22 08:55:39][INFO] Waiting for pre-delay of 2 seconds before starting VM 105.
[2024-11-22 08:55:44][SUCCESS] VM 105 started successfully.
[2024-11-22 08:55:44][INFO] Waiting for post-delay of 2 seconds after starting VM105.
[2024-11-22 08:55:46][INFO] Waiting for pre-delay of 2 seconds before starting VM 106.
[2024-11-22 08:55:51][SUCCESS] VM 106 started successfully.
[2024-11-22 08:55:51][INFO] Waiting for post-delay of 2 seconds after starting VM106.
[2024-11-22 08:55:53][INFO] Waiting for pre-delay of 2 seconds before starting VM 108.
[2024-11-22 08:55:59][SUCCESS] VM 108 started successfully.
[2024-11-22 08:55:59][INFO] Waiting for post-delay of 2 seconds after starting VM108.
[2024-11-22 08:56:01][INFO] Waiting for pre-delay of 2 seconds before starting VM 109.
[2024-11-22 08:56:07][SUCCESS] VM 109 started successfully.
[2024-11-22 08:56:07][INFO] Waiting for post-delay of 2 seconds after starting VM109.
[2024-11-22 17:42:04][INFO] /dev/nvme1n1 is already mounted.
[2024-11-22 17:42:04][SUCCESS] Mount successful. Reading VM start order from /root/vms.yaml...
[2024-11-22 17:42:04][INFO] Waiting for pre-delay of 2 seconds before starting VM 100.
[2024-11-22 17:42:13][SUCCESS] VM 100 started successfully.
[2024-11-22 17:42:13][INFO] Waiting for post-delay of 2 seconds after starting VM100.
[2024-11-22 17:42:15][INFO] Waiting for pre-delay of 2 seconds before starting VM 104.
[2024-11-22 17:42:19][SUCCESS] VM 104 started successfully.
[2024-11-22 17:42:19][INFO] Waiting for post-delay of 2 seconds after starting VM104.
[2024-11-22 17:42:21][INFO] Waiting for pre-delay of 2 seconds before starting VM 105.
[2024-11-22 17:42:26][SUCCESS] VM 105 started successfully.
[2024-11-22 17:42:26][INFO] Waiting for post-delay of 2 seconds after starting VM105.
[2024-11-22 17:42:28][INFO] Waiting for pre-delay of 2 seconds before starting VM 106.
[2024-11-22 17:42:33][SUCCESS] VM 106 started successfully.
[2024-11-22 17:42:33][INFO] Waiting for post-delay of 2 seconds after starting VM106.
[2024-11-22 17:42:35][INFO] Waiting for pre-delay of 2 seconds before starting VM 108.
[2024-11-22 17:42:41][SUCCESS] VM 108 started successfully.
[2024-11-22 17:42:41][INFO] Waiting for post-delay of 2 seconds after starting VM108.
[2024-11-22 17:42:43][INFO] Waiting for pre-delay of 2 seconds before starting VM 109.
[2024-11-22 17:42:49][SUCCESS] VM 109 started successfully.
[2024-11-22 17:42:49][INFO] Waiting for post-delay of 2 seconds after starting VM109.
[2024-11-25 07:00:32][INFO] /dev/nvme1n1 is already mounted.
[2024-11-25 07:00:32][SUCCESS] Mount successful. Reading VM start order from /root/vms.yaml...
[2024-11-25 07:00:32][INFO] Waiting for pre-delay of 2 seconds before starting VM 100.
[2024-11-25 07:00:41][SUCCESS] VM 100 started successfully.
[2024-11-25 07:00:41][INFO] Waiting for post-delay of 2 seconds after starting VM100.
[2024-11-25 07:00:43][INFO] Waiting for pre-delay of 2 seconds before starting VM 104.
[2024-11-25 07:00:47][SUCCESS] VM 104 started successfully.
[2024-11-25 07:00:47][INFO] Waiting for post-delay of 2 seconds after starting VM104.
[2024-11-25 07:00:49][INFO] Waiting for pre-delay of 120 seconds before starting VM 105.
[2024-11-25 07:02:52][SUCCESS] VM 105 started successfully.
[2024-11-25 07:02:52][INFO] Waiting for post-delay of 2 seconds after starting VM105.
[2024-11-25 07:02:54][INFO] Waiting for pre-delay of 2 seconds before starting VM 106.
[2024-11-25 07:02:58][SUCCESS] VM 106 started successfully.
[2024-11-25 07:02:58][INFO] Waiting for post-delay of 2 seconds after starting VM106.
[2024-11-25 07:03:00][INFO] Waiting for pre-delay of 2 seconds before starting VM 108.
[2024-11-25 07:03:05][SUCCESS] VM 108 started successfully.
[2024-11-25 07:03:05][INFO] Waiting for post-delay of 2 seconds after starting VM108.
[2024-11-25 07:03:07][INFO] Waiting for pre-delay of 2 seconds before starting VM 109.
[2024-11-25 07:03:12][SUCCESS] VM 109 started successfully.
[2024-11-25 07:03:12][INFO] Waiting for post-delay of 2 seconds after starting VM109.
[2024-11-26 06:37:52][INFO] /dev/nvme1n1 is already mounted.
[2024-11-26 06:37:52][SUCCESS] Mount successful. Reading VM start order from /root/vms.yaml...
[2024-11-26 06:37:52][INFO] Waiting for pre-delay of 2 seconds before starting VM 100.
[2024-11-26 06:38:01][SUCCESS] VM 100 started successfully.
[2024-11-26 06:38:01][INFO] Waiting for post-delay of 2 seconds after starting VM100.
[2024-11-26 06:38:03][INFO] Waiting for pre-delay of 2 seconds before starting VM 104.
[2024-11-26 06:38:07][SUCCESS] VM 104 started successfully.
[2024-11-26 06:38:07][INFO] Waiting for post-delay of 2 seconds after starting VM104.
[2024-11-26 06:38:09][INFO] Waiting for pre-delay of 120 seconds before starting VM 105.
[2024-11-26 06:40:12][SUCCESS] VM 105 started successfully.
[2024-11-26 06:40:12][INFO] Waiting for post-delay of 2 seconds after starting VM105.
[2024-11-26 06:40:14][INFO] Waiting for pre-delay of 2 seconds before starting VM 106.
[2024-11-26 06:40:18][SUCCESS] VM 106 started successfully.
[2024-11-26 06:40:18][INFO] Waiting for post-delay of 2 seconds after starting VM106.
[2024-11-26 06:40:20][INFO] Waiting for pre-delay of 2 seconds before starting VM 108.
[2024-11-26 06:40:26][SUCCESS] VM 108 started successfully.
[2024-11-26 06:40:26][INFO] Waiting for post-delay of 2 seconds after starting VM108.
[2024-11-26 06:40:28][INFO] Waiting for pre-delay of 2 seconds before starting VM 109.
[2024-11-26 06:40:33][SUCCESS] VM 109 started successfully.
[2024-11-26 06:40:33][INFO] Waiting for post-delay of 2 seconds after starting VM109.
[2024-11-26 20:02:35][INFO] /dev/nvme1n1 is already mounted.
[2024-11-26 20:02:35][SUCCESS] Mount successful. Reading VM start order from /root/vms.yaml...
[2024-11-26 20:02:35][INFO] Waiting for pre-delay of 2 seconds before starting VM 100.
[2024-11-26 20:02:44][SUCCESS] VM 100 started successfully.
[2024-11-26 20:02:44][INFO] Waiting for post-delay of 2 seconds after starting VM100.
[2024-11-26 20:02:46][INFO] Waiting for pre-delay of 2 seconds before starting VM 104.
[2024-11-26 20:02:50][SUCCESS] VM 104 started successfully.
[2024-11-26 20:02:50][INFO] Waiting for post-delay of 2 seconds after starting VM104.
[2024-11-26 20:02:52][INFO] Waiting for pre-delay of 120 seconds before starting VM 105.
[2024-11-26 20:04:54][SUCCESS] VM 105 started successfully.
[2024-11-26 20:04:54][INFO] Waiting for post-delay of 2 seconds after starting VM105.
[2024-11-26 20:04:56][INFO] Waiting for pre-delay of 2 seconds before starting VM 106.
[2024-11-26 20:05:01][SUCCESS] VM 106 started successfully.
[2024-11-26 20:05:01][INFO] Waiting for post-delay of 2 seconds after starting VM106.
[2024-11-26 20:05:03][INFO] Waiting for pre-delay of 2 seconds before starting VM 108.
[2024-11-26 20:05:08][SUCCESS] VM 108 started successfully.
[2024-11-26 20:05:08][INFO] Waiting for post-delay of 2 seconds after starting VM108.
[2024-11-26 20:05:10][INFO] Waiting for pre-delay of 2 seconds before starting VM 109.
[2024-11-26 20:05:16][SUCCESS] VM 109 started successfully.
[2024-11-26 20:05:16][INFO] Waiting for post-delay of 2 seconds after starting VM109.
[2024-11-27 09:30:03][INFO] /dev/nvme1n1 is already mounted.
[2024-11-27 09:30:03][SUCCESS] Mount successful. Reading VM start order from /root/vms.yaml...
[2024-11-27 09:30:03][INFO] Waiting for pre-delay of 2 seconds before starting VM 100.
[2024-11-27 09:30:12][SUCCESS] VM 100 started successfully.
[2024-11-27 09:30:12][INFO] Waiting for post-delay of 2 seconds after starting VM100.
[2024-11-27 09:30:14][INFO] Waiting for pre-delay of 2 seconds before starting VM 104.
[2024-11-27 09:30:18][SUCCESS] VM 104 started successfully.
[2024-11-27 09:30:18][INFO] Waiting for post-delay of 2 seconds after starting VM104.
[2024-11-27 09:30:20][INFO] Waiting for pre-delay of 120 seconds before starting VM 105.
[2024-11-27 09:32:23][SUCCESS] VM 105 started successfully.
[2024-11-27 09:32:23][INFO] Waiting for post-delay of 2 seconds after starting VM105.
[2024-11-27 09:32:25][INFO] Waiting for pre-delay of 2 seconds before starting VM 106.
[2024-11-27 09:32:29][SUCCESS] VM 106 started successfully.
[2024-11-27 09:32:29][INFO] Waiting for post-delay of 2 seconds after starting VM106.
[2024-11-27 09:32:31][INFO] Waiting for pre-delay of 2 seconds before starting VM 108.
[2024-11-27 09:32:36][SUCCESS] VM 108 started successfully.
[2024-11-27 09:32:36][INFO] Waiting for post-delay of 2 seconds after starting VM108.
[2024-11-27 09:32:38][INFO] Waiting for pre-delay of 2 seconds before starting VM 109.
[2024-11-27 09:32:44][SUCCESS] VM 109 started successfully.
[2024-11-27 09:32:44][INFO] Waiting for post-delay of 2 seconds after starting VM109.
[2024-11-27 13:47:45][INFO] /dev/nvme1n1 is already mounted.
[2024-11-27 13:47:45][SUCCESS] Mount successful. Reading VM start order from /root/vms.yaml...
[2024-11-27 13:47:45][INFO] Waiting for pre-delay of 2 seconds before starting VM 100.
[2024-11-27 13:47:54][SUCCESS] VM 100 started successfully.
[2024-11-27 13:47:54][INFO] Waiting for post-delay of 2 seconds after starting VM100.
[2024-11-27 13:47:56][INFO] Waiting for pre-delay of 2 seconds before starting VM 104.
[2024-11-27 13:48:00][SUCCESS] VM 104 started successfully.
[2024-11-27 13:48:00][INFO] Waiting for post-delay of 2 seconds after starting VM104.
[2024-11-27 13:48:02][INFO] Waiting for pre-delay of 120 seconds before starting VM 105.
[2024-11-27 13:50:05][SUCCESS] VM 105 started successfully.
[2024-11-27 13:50:05][INFO] Waiting for post-delay of 2 seconds after starting VM105.
[2024-11-27 13:50:07][INFO] Waiting for pre-delay of 2 seconds before starting VM 106.
[2024-11-27 13:50:12][SUCCESS] VM 106 started successfully.
[2024-11-27 13:50:12][INFO] Waiting for post-delay of 2 seconds after starting VM106.
[2024-11-27 13:50:14][INFO] Waiting for pre-delay of 2 seconds before starting VM 108.
[2024-11-27 13:50:19][SUCCESS] VM 108 started successfully.
[2024-11-27 13:50:19][INFO] Waiting for post-delay of 2 seconds after starting VM108.
[2024-11-27 13:50:21][INFO] Waiting for pre-delay of 2 seconds before starting VM 109.
[2024-11-27 13:50:27][SUCCESS] VM 109 started successfully.
[2024-11-27 13:50:27][INFO] Waiting for post-delay of 2 seconds after starting VM109.
[2024-11-28 07:05:28][INFO] /dev/nvme1n1 is already mounted.
[2024-11-28 07:05:28][SUCCESS] Mount successful. Reading VM start order from /root/vms.yaml...
[2024-11-28 07:05:28][INFO] Waiting for pre-delay of 2 seconds before starting VM 100.
[2024-11-28 07:05:37][SUCCESS] VM 100 started successfully.
[2024-11-28 07:05:37][INFO] Waiting for post-delay of 2 seconds after starting VM100.
[2024-11-28 07:05:39][INFO] Waiting for pre-delay of 2 seconds before starting VM 104.
[2024-11-28 07:05:44][SUCCESS] VM 104 started successfully.
[2024-11-28 07:05:44][INFO] Waiting for post-delay of 2 seconds after starting VM104.
[2024-11-28 07:05:46][INFO] Waiting for pre-delay of 120 seconds before starting VM 105.
[2024-11-28 07:07:48][SUCCESS] VM 105 started successfully.
[2024-11-28 07:07:48][INFO] Waiting for post-delay of 2 seconds after starting VM105.
[2024-11-28 07:07:50][INFO] Waiting for pre-delay of 2 seconds before starting VM 106.
[2024-11-28 07:07:54][SUCCESS] VM 106 started successfully.
[2024-11-28 07:07:54][INFO] Waiting for post-delay of 2 seconds after starting VM106.
[2024-11-28 07:07:57][INFO] Waiting for pre-delay of 2 seconds before starting VM 108.
[2024-11-28 07:08:02][SUCCESS] VM 108 started successfully.
[2024-11-28 07:08:02][INFO] Waiting for post-delay of 2 seconds after starting VM108.
[2024-11-28 07:08:04][INFO] Waiting for pre-delay of 2 seconds before starting VM 109.
[2024-11-28 07:08:10][SUCCESS] VM 109 started successfully.
[2024-11-28 07:08:10][INFO] Waiting for post-delay of 2 seconds after starting VM109.
[2024-11-28 13:19:02][INFO] /dev/nvme1n1 is not mounted. Trying to remount...
[2024-11-28 13:19:02][SUCCESS] Mount successful on attempt 1
[2024-11-28 13:19:02][SUCCESS] Mount successful. Reading VM start order from /root/vms.yaml...
[2024-11-28 13:19:02][INFO] Waiting for pre-delay of 2 seconds before starting VM 100.
[2024-11-28 13:19:11][SUCCESS] VM 100 started successfully.
[2024-11-28 13:19:11][INFO] Waiting for post-delay of 2 seconds after starting VM100.
[2024-11-28 13:19:13][INFO] Waiting for pre-delay of 2 seconds before starting VM 104.
[2024-11-28 13:19:17][SUCCESS] VM 104 started successfully.
[2024-11-28 13:19:17][INFO] Waiting for post-delay of 2 seconds after starting VM104.
[2024-11-28 13:19:19][INFO] Waiting for pre-delay of 120 seconds before starting VM 105.
[2024-11-28 13:21:22][SUCCESS] VM 105 started successfully.
[2024-11-28 13:21:22][INFO] Waiting for post-delay of 2 seconds after starting VM105.
[2024-11-28 13:21:24][INFO] Waiting for pre-delay of 2 seconds before starting VM 106.
[2024-11-28 13:21:29][SUCCESS] VM 106 started successfully.
[2024-11-28 13:21:29][INFO] Waiting for post-delay of 2 seconds after starting VM106.
[2024-11-28 13:21:31][INFO] Waiting for pre-delay of 2 seconds before starting VM 108.
[2024-11-28 13:21:37][SUCCESS] VM 108 started successfully.
[2024-11-28 13:21:37][INFO] Waiting for post-delay of 2 seconds after starting VM108.
[2024-11-28 13:21:39][INFO] Waiting for pre-delay of 2 seconds before starting VM 109.
[2024-11-28 13:34:10][INFO] /dev/nvme1n1 is already mounted.
[2024-11-28 13:34:10][SUCCESS] Mount successful. Reading VM start order from /root/vms.yaml...
[2024-11-28 13:34:10][INFO] Waiting for pre-delay of 2 seconds before starting VM 100.
[2024-11-28 13:34:19][SUCCESS] VM 100 started successfully.
[2024-11-28 13:34:19][INFO] Waiting for post-delay of 2 seconds after starting VM100.
[2024-11-28 13:34:21][INFO] Waiting for pre-delay of 2 seconds before starting VM 104.
[2024-11-28 13:34:25][SUCCESS] VM 104 started successfully.
[2024-11-28 13:34:25][INFO] Waiting for post-delay of 2 seconds after starting VM104.
[2024-11-28 13:34:27][INFO] Waiting for pre-delay of 120 seconds before starting VM 105.
[2024-11-28 13:36:29][SUCCESS] VM 105 started successfully.
[2024-11-28 13:36:29][INFO] Waiting for post-delay of 2 seconds after starting VM105.
[2024-11-28 13:36:31][INFO] Waiting for pre-delay of 2 seconds before starting VM 106.
[2024-11-28 13:36:36][SUCCESS] VM 106 started successfully.
[2024-11-28 13:36:36][INFO] Waiting for post-delay of 2 seconds after starting VM106.
[2024-11-28 13:36:38][INFO] Waiting for pre-delay of 2 seconds before starting VM 108.
[2024-11-28 13:36:43][SUCCESS] VM 108 started successfully.
[2024-11-28 13:36:43][INFO] Waiting for post-delay of 2 seconds after starting VM108.
[2024-11-28 13:36:45][INFO] Waiting for pre-delay of 2 seconds before starting VM 109.
[2024-11-28 13:36:52][SUCCESS] VM 109 started successfully.
[2024-11-28 13:36:52][INFO] Waiting for post-delay of 2 seconds after starting VM109.
[2024-11-29 06:50:26][INFO] /dev/nvme1n1 is already mounted.
[2024-11-29 06:50:26][SUCCESS] Mount successful. Reading VM start order from /root/vms.yaml...
[2024-11-29 06:50:26][INFO] Waiting for pre-delay of 2 seconds before starting VM 100.
[2024-11-29 06:50:35][SUCCESS] VM 100 started successfully.
[2024-11-29 06:50:35][INFO] Waiting for post-delay of 2 seconds after starting VM100.
[2024-11-29 06:50:37][INFO] Waiting for pre-delay of 2 seconds before starting VM 104.
[2024-11-29 06:50:41][SUCCESS] VM 104 started successfully.
[2024-11-29 06:50:41][INFO] Waiting for post-delay of 2 seconds after starting VM104.
[2024-11-29 06:50:43][INFO] Waiting for pre-delay of 120 seconds before starting VM 105.
[2024-11-29 06:52:46][SUCCESS] VM 105 started successfully.
[2024-11-29 06:52:46][INFO] Waiting for post-delay of 2 seconds after starting VM105.
[2024-11-29 06:52:48][INFO] Waiting for pre-delay of 2 seconds before starting VM 106.
[2024-11-29 06:52:52][SUCCESS] VM 106 started successfully.
[2024-11-29 06:52:52][INFO] Waiting for post-delay of 2 seconds after starting VM106.
[2024-11-29 06:52:54][INFO] Waiting for pre-delay of 2 seconds before starting VM 108.
[2024-11-29 06:52:59][SUCCESS] VM 108 started successfully.
[2024-11-29 06:52:59][INFO] Waiting for post-delay of 2 seconds after starting VM108.
[2024-11-29 06:53:01][INFO] Waiting for pre-delay of 2 seconds before starting VM 109.
[2024-11-29 06:53:07][SUCCESS] VM 109 started successfully.
[2024-11-29 06:53:07][INFO] Waiting for post-delay of 2 seconds after starting VM109.
[2024-12-02 06:36:26][INFO] /dev/nvme1n1 is already mounted.
[2024-12-02 06:36:26][SUCCESS] Mount successful. Reading VM start order from /root/vms.yaml...
[2024-12-02 06:36:26][INFO] Waiting for pre-delay of 2 seconds before starting VM 100.
[2024-12-02 06:36:35][SUCCESS] VM 100 started successfully.
[2024-12-02 06:36:35][INFO] Waiting for post-delay of 2 seconds after starting VM100.
[2024-12-02 06:36:37][INFO] Waiting for pre-delay of 2 seconds before starting VM 104.
[2024-12-02 06:36:42][SUCCESS] VM 104 started successfully.
[2024-12-02 06:36:42][INFO] Waiting for post-delay of 2 seconds after starting VM104.
[2024-12-02 06:36:44][INFO] Waiting for pre-delay of 120 seconds before starting VM 105.
[2024-12-02 06:38:46][SUCCESS] VM 105 started successfully.
[2024-12-02 06:38:46][INFO] Waiting for post-delay of 2 seconds after starting VM105.
[2024-12-02 06:38:48][INFO] Waiting for pre-delay of 2 seconds before starting VM 106.
[2024-12-02 06:38:53][SUCCESS] VM 106 started successfully.
[2024-12-02 06:38:53][INFO] Waiting for post-delay of 2 seconds after starting VM106.
[2024-12-02 06:38:55][INFO] Waiting for pre-delay of 2 seconds before starting VM 108.
[2024-12-02 06:39:00][SUCCESS] VM 108 started successfully.
[2024-12-02 06:39:00][INFO] Waiting for post-delay of 2 seconds after starting VM108.
[2024-12-02 06:39:02][INFO] Waiting for pre-delay of 2 seconds before starting VM 109.
[2024-12-02 06:39:08][SUCCESS] VM 109 started successfully.
[2024-12-02 06:39:08][INFO] Waiting for post-delay of 2 seconds after starting VM109.
[2024-12-03 06:50:26][INFO] /dev/nvme1n1 is already mounted.
[2024-12-03 06:50:26][SUCCESS] Mount successful. Reading VM start order from /root/vms.yaml...
[2024-12-03 06:50:26][INFO] Waiting for pre-delay of 2 seconds before starting VM 100.
[2024-12-03 06:50:35][SUCCESS] VM 100 started successfully.
[2024-12-03 06:50:35][INFO] Waiting for post-delay of 2 seconds after starting VM100.
[2024-12-03 06:50:37][INFO] Waiting for pre-delay of 2 seconds before starting VM 104.
[2024-12-03 06:50:42][SUCCESS] VM 104 started successfully.
[2024-12-03 06:50:42][INFO] Waiting for post-delay of 2 seconds after starting VM104.
[2024-12-03 06:50:44][INFO] Waiting for pre-delay of 2 seconds before starting VM 106.
[2024-12-03 06:50:48][SUCCESS] VM 106 started successfully.
[2024-12-03 06:50:48][INFO] Waiting for post-delay of 2 seconds after starting VM106.
[2024-12-03 06:50:50][INFO] Waiting for pre-delay of 2 seconds before starting VM 108.
[2024-12-03 06:50:55][SUCCESS] VM 108 started successfully.
[2024-12-03 06:50:55][INFO] Waiting for post-delay of 2 seconds after starting VM108.
[2024-12-03 06:50:57][INFO] Waiting for pre-delay of 2 seconds before starting VM 109.
[2024-12-03 06:51:03][SUCCESS] VM 109 started successfully.
[2024-12-03 06:51:03][INFO] Waiting for post-delay of 2 seconds after starting VM109.
[2024-12-03 06:51:05][INFO] Waiting for pre-delay of 300 seconds before starting VM 105.
[2024-12-03 06:56:07][SUCCESS] VM 105 started successfully.
[2024-12-03 06:56:07][INFO] Waiting for post-delay of 2 seconds after starting VM105.
[2024-12-04 06:50:26][INFO] /dev/nvme1n1 is already mounted.
[2024-12-04 06:50:26][SUCCESS] Mount successful. Reading VM start order from /root/vms.yaml...
[2024-12-04 06:50:26][INFO] Waiting for pre-delay of 2 seconds before starting VM 100.
[2024-12-04 06:50:35][SUCCESS] VM 100 started successfully.
[2024-12-04 06:50:35][INFO] Waiting for post-delay of 2 seconds after starting VM100.
[2024-12-04 06:50:37][INFO] Waiting for pre-delay of 2 seconds before starting VM 104.
[2024-12-04 06:50:41][SUCCESS] VM 104 started successfully.
[2024-12-04 06:50:41][INFO] Waiting for post-delay of 2 seconds after starting VM104.
[2024-12-04 06:50:43][INFO] Waiting for pre-delay of 2 seconds before starting VM 106.
[2024-12-04 06:50:48][SUCCESS] VM 106 started successfully.
[2024-12-04 06:50:48][INFO] Waiting for post-delay of 2 seconds after starting VM106.
[2024-12-04 06:50:50][INFO] Waiting for pre-delay of 2 seconds before starting VM 108.
[2024-12-04 06:50:55][SUCCESS] VM 108 started successfully.
[2024-12-04 06:50:55][INFO] Waiting for post-delay of 2 seconds after starting VM108.
[2024-12-04 06:50:57][INFO] Waiting for pre-delay of 2 seconds before starting VM 109.
[2024-12-04 06:51:02][SUCCESS] VM 109 started successfully.
[2024-12-04 06:51:02][INFO] Waiting for post-delay of 2 seconds after starting VM109.
[2024-12-04 06:51:04][INFO] Waiting for pre-delay of 300 seconds before starting VM 105.
[2024-12-04 06:56:06][SUCCESS] VM 105 started successfully.
[2024-12-04 06:56:06][INFO] Waiting for post-delay of 2 seconds after starting VM105.
[2024-12-05 06:50:26][INFO] /dev/nvme1n1 is already mounted.
[2024-12-05 06:50:26][SUCCESS] Mount successful. Reading VM start order from /root/vms.yaml...
[2024-12-05 06:50:26][INFO] Waiting for pre-delay of 2 seconds before starting VM 100.
[2024-12-05 06:50:35][SUCCESS] VM 100 started successfully.
[2024-12-05 06:50:35][INFO] Waiting for post-delay of 2 seconds after starting VM100.
[2024-12-05 06:50:37][INFO] Waiting for pre-delay of 2 seconds before starting VM 104.
[2024-12-05 06:50:41][SUCCESS] VM 104 started successfully.
[2024-12-05 06:50:41][INFO] Waiting for post-delay of 2 seconds after starting VM104.
[2024-12-05 06:50:43][INFO] Waiting for pre-delay of 2 seconds before starting VM 106.
[2024-12-05 06:50:48][SUCCESS] VM 106 started successfully.
[2024-12-05 06:50:48][INFO] Waiting for post-delay of 2 seconds after starting VM106.
[2024-12-05 06:50:50][INFO] Waiting for pre-delay of 2 seconds before starting VM 108.
[2024-12-05 06:50:55][SUCCESS] VM 108 started successfully.
[2024-12-05 06:50:55][INFO] Waiting for post-delay of 2 seconds after starting VM108.
[2024-12-05 06:50:57][INFO] Waiting for pre-delay of 2 seconds before starting VM 109.
[2024-12-05 06:51:02][SUCCESS] VM 109 started successfully.
[2024-12-05 06:51:03][INFO] Waiting for post-delay of 2 seconds after starting VM109.
[2024-12-05 06:51:05][INFO] Waiting for pre-delay of 300 seconds before starting VM 105.
[2024-12-05 06:56:07][SUCCESS] VM 105 started successfully.
[2024-12-05 06:56:07][INFO] Waiting for post-delay of 2 seconds after starting VM105.
[2024-12-06 06:50:26][INFO] /dev/nvme1n1 is already mounted.
[2024-12-06 06:50:26][SUCCESS] Mount successful. Reading VM start order from /root/vms.yaml...
[2024-12-06 06:50:26][INFO] Waiting for pre-delay of 2 seconds before starting VM 100.
[2024-12-06 06:50:35][SUCCESS] VM 100 started successfully.
[2024-12-06 06:50:35][INFO] Waiting for post-delay of 2 seconds after starting VM100.
[2024-12-06 06:50:37][INFO] Waiting for pre-delay of 2 seconds before starting VM 104.
[2024-12-06 06:50:41][SUCCESS] VM 104 started successfully.
[2024-12-06 06:50:41][INFO] Waiting for post-delay of 2 seconds after starting VM104.
[2024-12-06 06:50:43][INFO] Waiting for pre-delay of 2 seconds before starting VM 106.
[2024-12-06 06:50:48][SUCCESS] VM 106 started successfully.
[2024-12-06 06:50:48][INFO] Waiting for post-delay of 2 seconds after starting VM106.
[2024-12-06 06:50:50][INFO] Waiting for pre-delay of 2 seconds before starting VM 108.
[2024-12-06 06:50:55][SUCCESS] VM 108 started successfully.
[2024-12-06 06:50:55][INFO] Waiting for post-delay of 2 seconds after starting VM108.
[2024-12-06 06:50:57][INFO] Waiting for pre-delay of 2 seconds before starting VM 109.
[2024-12-06 06:51:02][SUCCESS] VM 109 started successfully.
[2024-12-06 06:51:02][INFO] Waiting for post-delay of 2 seconds after starting VM109.
[2024-12-06 06:51:04][INFO] Waiting for pre-delay of 300 seconds before starting VM 105.
[2024-12-06 06:56:07][SUCCESS] VM 105 started successfully.
[2024-12-06 06:56:07][INFO] Waiting for post-delay of 2 seconds after starting VM105.
